-- The C compiler identification is GNU 9.3.0
-- The CXX compiler identification is GNU 9.3.0
-- Check for working C compiler: /usr/bin/cc
-- Check for working C compiler: /usr/bin/cc -- works
-- Detecting C compiler ABI info
-- Detecting C compiler ABI info - done
-- Detecting C compile features
-- Detecting C compile features - done
-- Check for working CXX compiler: /usr/bin/c++
-- Check for working CXX compiler: /usr/bin/c++ -- works
-- Detecting CXX compiler ABI info
-- Detecting CXX compiler ABI info - done
-- Detecting CXX compile features
-- Detecting CXX compile features - done
-- Configuring done
-- Generating done
-- Build files have been written to: /tmp/autopkgtest.1qGVpR/autopkgtest_tmp/build
Scanning dependencies of target headers_c_200
[  1%] Building C object tests/lang_c/CMakeFiles/headers_c_200.dir/__/test_headers.o
[  1%] Linking C executable headers_c_200
[  1%] Built target headers_c_200
Scanning dependencies of target headers_c_120
[  2%] Building C object tests/lang_c/CMakeFiles/headers_c_120.dir/__/test_headers.o
[  2%] Linking C executable headers_c_120
[  2%] Built target headers_c_120
Scanning dependencies of target cl_version_h_c_300
[  2%] Building C object tests/lang_c/CMakeFiles/cl_version_h_c_300.dir/__/test_cl_version.h.o
[  3%] Linking C executable cl_version_h_c_300
[  3%] Built target cl_version_h_c_300
Scanning dependencies of target cl_version_h_c_220
[  3%] Building C object tests/lang_c/CMakeFiles/cl_version_h_c_220.dir/__/test_cl_version.h.o
[  4%] Linking C executable cl_version_h_c_220
[  4%] Built target cl_version_h_c_220
Scanning dependencies of target cl_version_h_c_200
[  5%] Building C object tests/lang_c/CMakeFiles/cl_version_h_c_200.dir/__/test_cl_version.h.o
[  5%] Linking C executable cl_version_h_c_200
[  5%] Built target cl_version_h_c_200
Scanning dependencies of target cl_version_h_c_120
[  6%] Building C object tests/lang_c/CMakeFiles/cl_version_h_c_120.dir/__/test_cl_version.h.o
[  6%] Linking C executable cl_version_h_c_120
[  6%] Built target cl_version_h_c_120
Scanning dependencies of target cl_version_h_c_110
[  6%] Building C object tests/lang_c/CMakeFiles/cl_version_h_c_110.dir/__/test_cl_version.h.o
[  6%] Linking C executable cl_version_h_c_110
[  6%] Built target cl_version_h_c_110
Scanning dependencies of target cl_version_h_c_100
[  6%] Building C object tests/lang_c/CMakeFiles/cl_version_h_c_100.dir/__/test_cl_version.h.o
[  7%] Linking C executable cl_version_h_c_100
[  7%] Built target cl_version_h_c_100
Scanning dependencies of target cl_opencl_h_c_210
[  8%] Building C object tests/lang_c/CMakeFiles/cl_opencl_h_c_210.dir/__/test_opencl.h.o
[  8%] Linking C executable cl_opencl_h_c_210
[  8%] Built target cl_opencl_h_c_210
Scanning dependencies of target cl_opencl_h_c_110
[  8%] Building C object tests/lang_c/CMakeFiles/cl_opencl_h_c_110.dir/__/test_opencl.h.o
[  9%] Linking C executable cl_opencl_h_c_110
[  9%] Built target cl_opencl_h_c_110
Scanning dependencies of target cl_opencl_h_c_100
[  9%] Building C object tests/lang_c/CMakeFiles/cl_opencl_h_c_100.dir/__/test_opencl.h.o
[ 10%] Linking C executable cl_opencl_h_c_100
[ 10%] Built target cl_opencl_h_c_100
Scanning dependencies of target cl_platform_h_c_210
[ 11%] Building C object tests/lang_c/CMakeFiles/cl_platform_h_c_210.dir/__/test_cl_platform.h.o
[ 11%] Linking C executable cl_platform_h_c_210
[ 11%] Built target cl_platform_h_c_210
Scanning dependencies of target cl_platform_h_c_200
[ 12%] Building C object tests/lang_c/CMakeFiles/cl_platform_h_c_200.dir/__/test_cl_platform.h.o
[ 12%] Linking C executable cl_platform_h_c_200
[ 12%] Built target cl_platform_h_c_200
Scanning dependencies of target cl_platform_h_c_110
[ 12%] Building C object tests/lang_c/CMakeFiles/cl_platform_h_c_110.dir/__/test_cl_platform.h.o
[ 13%] Linking C executable cl_platform_h_c_110
[ 13%] Built target cl_platform_h_c_110
Scanning dependencies of target cl_platform_h_c_100
[ 13%] Building C object tests/lang_c/CMakeFiles/cl_platform_h_c_100.dir/__/test_cl_platform.h.o
[ 14%] Linking C executable cl_platform_h_c_100
[ 14%] Built target cl_platform_h_c_100
Scanning dependencies of target cl_layer_h_c_300
[ 15%] Building C object tests/lang_c/CMakeFiles/cl_layer_h_c_300.dir/__/test_cl_layer.h.o
[ 15%] Linking C executable cl_layer_h_c_300
[ 15%] Built target cl_layer_h_c_300
Scanning dependencies of target cl_layer_h_c_220
[ 16%] Building C object tests/lang_c/CMakeFiles/cl_layer_h_c_220.dir/__/test_cl_layer.h.o
[ 16%] Linking C executable cl_layer_h_c_220
[ 16%] Built target cl_layer_h_c_220
Scanning dependencies of target cl_layer_h_c_210
[ 17%] Building C object tests/lang_c/CMakeFiles/cl_layer_h_c_210.dir/__/test_cl_layer.h.o
[ 17%] Linking C executable cl_layer_h_c_210
[ 17%] Built target cl_layer_h_c_210
Scanning dependencies of target headers_c_300
[ 17%] Building C object tests/lang_c/CMakeFiles/headers_c_300.dir/__/test_headers.o
[ 18%] Linking C executable headers_c_300
[ 18%] Built target headers_c_300
Scanning dependencies of target cl_opencl_h_c_120
[ 18%] Building C object tests/lang_c/CMakeFiles/cl_opencl_h_c_120.dir/__/test_opencl.h.o
[ 18%] Linking C executable cl_opencl_h_c_120
[ 18%] Built target cl_opencl_h_c_120
Scanning dependencies of target cl_layer_h_c_200
[ 18%] Building C object tests/lang_c/CMakeFiles/cl_layer_h_c_200.dir/__/test_cl_layer.h.o
[ 18%] Linking C executable cl_layer_h_c_200
[ 18%] Built target cl_layer_h_c_200
Scanning dependencies of target cl_opencl_h_c_220
[ 19%] Building C object tests/lang_c/CMakeFiles/cl_opencl_h_c_220.dir/__/test_opencl.h.o
[ 19%] Linking C executable cl_opencl_h_c_220
[ 19%] Built target cl_opencl_h_c_220
Scanning dependencies of target cl_icd_h_c_300
[ 20%] Building C object tests/lang_c/CMakeFiles/cl_icd_h_c_300.dir/__/test_cl_icd.h.o
[ 20%] Linking C executable cl_icd_h_c_300
[ 20%] Built target cl_icd_h_c_300
Scanning dependencies of target headers_c_100
[ 20%] Building C object tests/lang_c/CMakeFiles/headers_c_100.dir/__/test_headers.o
[ 20%] Linking C executable headers_c_100
[ 20%] Built target headers_c_100
Scanning dependencies of target cl_icd_h_c_220
[ 21%] Building C object tests/lang_c/CMakeFiles/cl_icd_h_c_220.dir/__/test_cl_icd.h.o
[ 21%] Linking C executable cl_icd_h_c_220
[ 21%] Built target cl_icd_h_c_220
Scanning dependencies of target cl_platform_h_c_220
[ 21%] Building C object tests/lang_c/CMakeFiles/cl_platform_h_c_220.dir/__/test_cl_platform.h.o
[ 22%] Linking C executable cl_platform_h_c_220
[ 22%] Built target cl_platform_h_c_220
Scanning dependencies of target cl_icd_h_c_210
[ 22%] Building C object tests/lang_c/CMakeFiles/cl_icd_h_c_210.dir/__/test_cl_icd.h.o
[ 22%] Linking C executable cl_icd_h_c_210
[ 22%] Built target cl_icd_h_c_210
Scanning dependencies of target headers_c_220
[ 22%] Building C object tests/lang_c/CMakeFiles/headers_c_220.dir/__/test_headers.o
[ 23%] Linking C executable headers_c_220
[ 23%] Built target headers_c_220
Scanning dependencies of target cl_icd_h_c_200
[ 23%] Building C object tests/lang_c/CMakeFiles/cl_icd_h_c_200.dir/__/test_cl_icd.h.o
[ 24%] Linking C executable cl_icd_h_c_200
[ 24%] Built target cl_icd_h_c_200
Scanning dependencies of target cl_icd_h_c_110
[ 24%] Building C object tests/lang_c/CMakeFiles/cl_icd_h_c_110.dir/__/test_cl_icd.h.o
[ 25%] Linking C executable cl_icd_h_c_110
[ 25%] Built target cl_icd_h_c_110
Scanning dependencies of target cl_opencl_h_c_200
[ 26%] Building C object tests/lang_c/CMakeFiles/cl_opencl_h_c_200.dir/__/test_opencl.h.o
[ 26%] Linking C executable cl_opencl_h_c_200
[ 26%] Built target cl_opencl_h_c_200
Scanning dependencies of target cl_layer_h_c_120
[ 26%] Building C object tests/lang_c/CMakeFiles/cl_layer_h_c_120.dir/__/test_cl_layer.h.o
[ 27%] Linking C executable cl_layer_h_c_120
[ 27%] Built target cl_layer_h_c_120
Scanning dependencies of target cl_icd_h_c_100
[ 28%] Building C object tests/lang_c/CMakeFiles/cl_icd_h_c_100.dir/__/test_cl_icd.h.o
[ 28%] Linking C executable cl_icd_h_c_100
[ 28%] Built target cl_icd_h_c_100
Scanning dependencies of target cl_half_h_c_300
[ 29%] Building C object tests/lang_c/CMakeFiles/cl_half_h_c_300.dir/__/test_cl_half.h.o
[ 29%] Linking C executable cl_half_h_c_300
[ 29%] Built target cl_half_h_c_300
Scanning dependencies of target cl_half_h_c_120
[ 29%] Building C object tests/lang_c/CMakeFiles/cl_half_h_c_120.dir/__/test_cl_half.h.o
[ 30%] Linking C executable cl_half_h_c_120
[ 30%] Built target cl_half_h_c_120
Scanning dependencies of target cl_gl_ext_h_c_300
[ 30%] Building C object tests/lang_c/CMakeFiles/cl_gl_ext_h_c_300.dir/__/test_cl_gl_ext.h.o
[ 31%] Linking C executable cl_gl_ext_h_c_300
[ 31%] Built target cl_gl_ext_h_c_300
Scanning dependencies of target cl_gl_ext_h_c_200
[ 32%] Building C object tests/lang_c/CMakeFiles/cl_gl_ext_h_c_200.dir/__/test_cl_gl_ext.h.o
[ 32%] Linking C executable cl_gl_ext_h_c_200
[ 32%] Built target cl_gl_ext_h_c_200
Scanning dependencies of target cl_opencl_h_c_300
[ 32%] Building C object tests/lang_c/CMakeFiles/cl_opencl_h_c_300.dir/__/test_opencl.h.o
[ 33%] Linking C executable cl_opencl_h_c_300
[ 33%] Built target cl_opencl_h_c_300
Scanning dependencies of target cl_gl_ext_h_c_120
[ 34%] Building C object tests/lang_c/CMakeFiles/cl_gl_ext_h_c_120.dir/__/test_cl_gl_ext.h.o
[ 34%] Linking C executable cl_gl_ext_h_c_120
[ 34%] Built target cl_gl_ext_h_c_120
Scanning dependencies of target cl_gl_ext_h_c_100
[ 34%] Building C object tests/lang_c/CMakeFiles/cl_gl_ext_h_c_100.dir/__/test_cl_gl_ext.h.o
[ 35%] Linking C executable cl_gl_ext_h_c_100
[ 35%] Built target cl_gl_ext_h_c_100
Scanning dependencies of target cl_gl_h_c_300
[ 35%] Building C object tests/lang_c/CMakeFiles/cl_gl_h_c_300.dir/__/test_cl_gl.h.o
[ 35%] Linking C executable cl_gl_h_c_300
[ 35%] Built target cl_gl_h_c_300
Scanning dependencies of target cl_platform_h_c_120
[ 35%] Building C object tests/lang_c/CMakeFiles/cl_platform_h_c_120.dir/__/test_cl_platform.h.o
[ 35%] Linking C executable cl_platform_h_c_120
[ 35%] Built target cl_platform_h_c_120
Scanning dependencies of target cl_half_h_c_100
[ 36%] Building C object tests/lang_c/CMakeFiles/cl_half_h_c_100.dir/__/test_cl_half.h.o
[ 36%] Linking C executable cl_half_h_c_100
[ 36%] Built target cl_half_h_c_100
Scanning dependencies of target cl_gl_h_c_220
[ 36%] Building C object tests/lang_c/CMakeFiles/cl_gl_h_c_220.dir/__/test_cl_gl.h.o
[ 37%] Linking C executable cl_gl_h_c_220
[ 37%] Built target cl_gl_h_c_220
Scanning dependencies of target cl_ext_intel_h_c_110
[ 37%] Building C object tests/lang_c/CMakeFiles/cl_ext_intel_h_c_110.dir/__/test_cl_ext_intel.h.o
[ 37%] Linking C executable cl_ext_intel_h_c_110
[ 37%] Built target cl_ext_intel_h_c_110
Scanning dependencies of target cl_dx9_media_sharing_h_c_120
[ 37%] Building C object tests/lang_c/CMakeFiles/cl_dx9_media_sharing_h_c_120.dir/__/test_cl_dx9_media_sharing.h.o
[ 38%] Linking C executable cl_dx9_media_sharing_h_c_120
[ 38%] Built target cl_dx9_media_sharing_h_c_120
Scanning dependencies of target cl_dx9_media_sharing_h_c_110
[ 39%] Building C object tests/lang_c/CMakeFiles/cl_dx9_media_sharing_h_c_110.dir/__/test_cl_dx9_media_sharing.h.o
[ 39%] Linking C executable cl_dx9_media_sharing_h_c_110
[ 39%] Built target cl_dx9_media_sharing_h_c_110
Scanning dependencies of target cl_dx9_media_sharing_intel_h_c_110
[ 39%] Building C object tests/lang_c/CMakeFiles/cl_dx9_media_sharing_intel_h_c_110.dir/__/test_cl_dx9_media_sharing.h.o
[ 40%] Linking C executable cl_dx9_media_sharing_intel_h_c_110
[ 40%] Built target cl_dx9_media_sharing_intel_h_c_110
Scanning dependencies of target cl_d3d11_h_c_210
[ 40%] Building C object tests/lang_c/CMakeFiles/cl_d3d11_h_c_210.dir/__/test_cl_d3d11.h.o
[ 41%] Linking C executable cl_d3d11_h_c_210
[ 41%] Built target cl_d3d11_h_c_210
Scanning dependencies of target cl_d3d10_h_c_200
[ 41%] Building C object tests/lang_c/CMakeFiles/cl_d3d10_h_c_200.dir/__/test_cl_d3d10.h.o
[ 42%] Linking C executable cl_d3d10_h_c_200
[ 42%] Built target cl_d3d10_h_c_200
Scanning dependencies of target cl_egl_h_c_300
[ 42%] Building C object tests/lang_c/CMakeFiles/cl_egl_h_c_300.dir/__/test_cl_egl.h.o
[ 43%] Linking C executable cl_egl_h_c_300
[ 43%] Built target cl_egl_h_c_300
Scanning dependencies of target cl_gl_h_c_100
[ 43%] Building C object tests/lang_c/CMakeFiles/cl_gl_h_c_100.dir/__/test_cl_gl.h.o
[ 43%] Linking C executable cl_gl_h_c_100
[ 43%] Built target cl_gl_h_c_100
Scanning dependencies of target cl_d3d11_h_c_120
[ 43%] Building C object tests/lang_c/CMakeFiles/cl_d3d11_h_c_120.dir/__/test_cl_d3d11.h.o
[ 44%] Linking C executable cl_d3d11_h_c_120
[ 44%] Built target cl_d3d11_h_c_120
Scanning dependencies of target cl_egl_h_c_120
[ 44%] Building C object tests/lang_c/CMakeFiles/cl_egl_h_c_120.dir/__/test_cl_egl.h.o
[ 45%] Linking C executable cl_egl_h_c_120
[ 45%] Built target cl_egl_h_c_120
Scanning dependencies of target cl_platform_h_c_300
[ 45%] Building C object tests/lang_c/CMakeFiles/cl_platform_h_c_300.dir/__/test_cl_platform.h.o
[ 46%] Linking C executable cl_platform_h_c_300
[ 46%] Built target cl_platform_h_c_300
Scanning dependencies of target cl_dx9_media_sharing_h_c_100
[ 47%] Building C object tests/lang_c/CMakeFiles/cl_dx9_media_sharing_h_c_100.dir/__/test_cl_dx9_media_sharing.h.o
[ 47%] Linking C executable cl_dx9_media_sharing_h_c_100
[ 47%] Built target cl_dx9_media_sharing_h_c_100
Scanning dependencies of target cl_half_h_c_220
[ 47%] Building C object tests/lang_c/CMakeFiles/cl_half_h_c_220.dir/__/test_cl_half.h.o
[ 47%] Linking C executable cl_half_h_c_220
[ 47%] Built target cl_half_h_c_220
Scanning dependencies of target cl_dx9_media_sharing_h_c_210
[ 47%] Building C object tests/lang_c/CMakeFiles/cl_dx9_media_sharing_h_c_210.dir/__/test_cl_dx9_media_sharing.h.o
[ 47%] Linking C executable cl_dx9_media_sharing_h_c_210
[ 47%] Built target cl_dx9_media_sharing_h_c_210
Scanning dependencies of target cl_gl_h_c_110
[ 48%] Building C object tests/lang_c/CMakeFiles/cl_gl_h_c_110.dir/__/test_cl_gl.h.o
[ 48%] Linking C executable cl_gl_h_c_110
[ 48%] Built target cl_gl_h_c_110
Scanning dependencies of target cl_d3d11_h_c_110
[ 49%] Building C object tests/lang_c/CMakeFiles/cl_d3d11_h_c_110.dir/__/test_cl_d3d11.h.o
[ 49%] Linking C executable cl_d3d11_h_c_110
[ 49%] Built target cl_d3d11_h_c_110
Scanning dependencies of target cl_dx9_media_sharing_h_c_300
[ 50%] Building C object tests/lang_c/CMakeFiles/cl_dx9_media_sharing_h_c_300.dir/__/test_cl_dx9_media_sharing.h.o
[ 50%] Linking C executable cl_dx9_media_sharing_h_c_300
[ 50%] Built target cl_dx9_media_sharing_h_c_300
Scanning dependencies of target cl_gl_ext_h_c_110
[ 50%] Building C object tests/lang_c/CMakeFiles/cl_gl_ext_h_c_110.dir/__/test_cl_gl_ext.h.o
[ 50%] Linking C executable cl_gl_ext_h_c_110
[ 50%] Built target cl_gl_ext_h_c_110
Scanning dependencies of target cl_d3d11_h_c_100
[ 51%] Building C object tests/lang_c/CMakeFiles/cl_d3d11_h_c_100.dir/__/test_cl_d3d11.h.o
[ 51%] Linking C executable cl_d3d11_h_c_100
[ 51%] Built target cl_d3d11_h_c_100
Scanning dependencies of target cl_layer_h_c_100
[ 52%] Building C object tests/lang_c/CMakeFiles/cl_layer_h_c_100.dir/__/test_cl_layer.h.o
[ 52%] Linking C executable cl_layer_h_c_100
[ 52%] Built target cl_layer_h_c_100
Scanning dependencies of target cl_d3d10_h_c_300
[ 52%] Building C object tests/lang_c/CMakeFiles/cl_d3d10_h_c_300.dir/__/test_cl_d3d10.h.o
[ 52%] Linking C executable cl_d3d10_h_c_300
[ 52%] Built target cl_d3d10_h_c_300
Scanning dependencies of target cl_ext_h_c_100
[ 52%] Building C object tests/lang_c/CMakeFiles/cl_ext_h_c_100.dir/__/test_cl_ext.h.o
[ 53%] Linking C executable cl_ext_h_c_100
[ 53%] Built target cl_ext_h_c_100
Scanning dependencies of target cl_h_c_100
[ 54%] Building C object tests/lang_c/CMakeFiles/cl_h_c_100.dir/__/test_cl.h.o
[ 54%] Linking C executable cl_h_c_100
[ 54%] Built target cl_h_c_100
Scanning dependencies of target cl_half_h_c_200
[ 54%] Building C object tests/lang_c/CMakeFiles/cl_half_h_c_200.dir/__/test_cl_half.h.o
[ 55%] Linking C executable cl_half_h_c_200
[ 55%] Built target cl_half_h_c_200
Scanning dependencies of target cl_h_c_200
[ 55%] Building C object tests/lang_c/CMakeFiles/cl_h_c_200.dir/__/test_cl.h.o
[ 56%] Linking C executable cl_h_c_200
[ 56%] Built target cl_h_c_200
Scanning dependencies of target cl_dx9_media_sharing_intel_h_c_100
[ 57%] Building C object tests/lang_c/CMakeFiles/cl_dx9_media_sharing_intel_h_c_100.dir/__/test_cl_dx9_media_sharing.h.o
[ 57%] Linking C executable cl_dx9_media_sharing_intel_h_c_100
[ 57%] Built target cl_dx9_media_sharing_intel_h_c_100
Scanning dependencies of target cl_ext_h_c_120
[ 57%] Building C object tests/lang_c/CMakeFiles/cl_ext_h_c_120.dir/__/test_cl_ext.h.o
[ 57%] Linking C executable cl_ext_h_c_120
[ 57%] Built target cl_ext_h_c_120
Scanning dependencies of target cl_dx9_media_sharing_h_c_220
[ 58%] Building C object tests/lang_c/CMakeFiles/cl_dx9_media_sharing_h_c_220.dir/__/test_cl_dx9_media_sharing.h.o
[ 58%] Linking C executable cl_dx9_media_sharing_h_c_220
[ 58%] Built target cl_dx9_media_sharing_h_c_220
Scanning dependencies of target cl_icd_h_c_120
[ 58%] Building C object tests/lang_c/CMakeFiles/cl_icd_h_c_120.dir/__/test_cl_icd.h.o
[ 59%] Linking C executable cl_icd_h_c_120
[ 59%] Built target cl_icd_h_c_120
Scanning dependencies of target cl_dx9_media_sharing_h_c_200
[ 59%] Building C object tests/lang_c/CMakeFiles/cl_dx9_media_sharing_h_c_200.dir/__/test_cl_dx9_media_sharing.h.o
[ 60%] Linking C executable cl_dx9_media_sharing_h_c_200
[ 60%] Built target cl_dx9_media_sharing_h_c_200
Scanning dependencies of target cl_h_c_120
[ 61%] Building C object tests/lang_c/CMakeFiles/cl_h_c_120.dir/__/test_cl.h.o
[ 61%] Linking C executable cl_h_c_120
[ 61%] Built target cl_h_c_120
Scanning dependencies of target cl_half_h_c_110
[ 62%] Building C object tests/lang_c/CMakeFiles/cl_half_h_c_110.dir/__/test_cl_half.h.o
[ 62%] Linking C executable cl_half_h_c_110
[ 62%] Built target cl_half_h_c_110
Scanning dependencies of target cl_h_c_220
[ 62%] Building C object tests/lang_c/CMakeFiles/cl_h_c_220.dir/__/test_cl.h.o
[ 62%] Linking C executable cl_h_c_220
[ 62%] Built target cl_h_c_220
Scanning dependencies of target cl_d3d10_h_c_210
[ 62%] Building C object tests/lang_c/CMakeFiles/cl_d3d10_h_c_210.dir/__/test_cl_d3d10.h.o
[ 63%] Linking C executable cl_d3d10_h_c_210
[ 63%] Built target cl_d3d10_h_c_210
Scanning dependencies of target cl_h_c_210
[ 63%] Building C object tests/lang_c/CMakeFiles/cl_h_c_210.dir/__/test_cl.h.o
[ 64%] Linking C executable cl_h_c_210
[ 64%] Built target cl_h_c_210
Scanning dependencies of target cl_gl_h_c_210
[ 64%] Building C object tests/lang_c/CMakeFiles/cl_gl_h_c_210.dir/__/test_cl_gl.h.o
[ 65%] Linking C executable cl_gl_h_c_210
[ 65%] Built target cl_gl_h_c_210
Scanning dependencies of target cl_d3d11_h_c_300
[ 66%] Building C object tests/lang_c/CMakeFiles/cl_d3d11_h_c_300.dir/__/test_cl_d3d11.h.o
[ 66%] Linking C executable cl_d3d11_h_c_300
[ 66%] Built target cl_d3d11_h_c_300
Scanning dependencies of target cl_gl_h_c_200
[ 67%] Building C object tests/lang_c/CMakeFiles/cl_gl_h_c_200.dir/__/test_cl_gl.h.o
[ 67%] Linking C executable cl_gl_h_c_200
[ 67%] Built target cl_gl_h_c_200
Scanning dependencies of target cl_dx9_media_sharing_intel_h_c_220
[ 68%] Building C object tests/lang_c/CMakeFiles/cl_dx9_media_sharing_intel_h_c_220.dir/__/test_cl_dx9_media_sharing.h.o
[ 68%] Linking C executable cl_dx9_media_sharing_intel_h_c_220
[ 68%] Built target cl_dx9_media_sharing_intel_h_c_220
Scanning dependencies of target cl_d3d10_h_c_110
[ 69%] Building C object tests/lang_c/CMakeFiles/cl_d3d10_h_c_110.dir/__/test_cl_d3d10.h.o
[ 69%] Linking C executable cl_d3d10_h_c_110
[ 69%] Built target cl_d3d10_h_c_110
Scanning dependencies of target cl_ext_intel_h_c_220
[ 69%] Building C object tests/lang_c/CMakeFiles/cl_ext_intel_h_c_220.dir/__/test_cl_ext_intel.h.o
[ 70%] Linking C executable cl_ext_intel_h_c_220
[ 70%] Built target cl_ext_intel_h_c_220
Scanning dependencies of target cl_h_c_300
[ 71%] Building C object tests/lang_c/CMakeFiles/cl_h_c_300.dir/__/test_cl.h.o
[ 71%] Linking C executable cl_h_c_300
[ 71%] Built target cl_h_c_300
Scanning dependencies of target cl_d3d10_h_c_100
[ 71%] Building C object tests/lang_c/CMakeFiles/cl_d3d10_h_c_100.dir/__/test_cl_d3d10.h.o
[ 71%] Linking C executable cl_d3d10_h_c_100
[ 71%] Built target cl_d3d10_h_c_100
Scanning dependencies of target cl_gl_ext_h_c_210
[ 71%] Building C object tests/lang_c/CMakeFiles/cl_gl_ext_h_c_210.dir/__/test_cl_gl_ext.h.o
[ 72%] Linking C executable cl_gl_ext_h_c_210
[ 72%] Built target cl_gl_ext_h_c_210
Scanning dependencies of target cl_d3d10_h_c_120
[ 73%] Building C object tests/lang_c/CMakeFiles/cl_d3d10_h_c_120.dir/__/test_cl_d3d10.h.o
[ 73%] Linking C executable cl_d3d10_h_c_120
[ 73%] Built target cl_d3d10_h_c_120
Scanning dependencies of target cl_dx9_media_sharing_intel_h_c_120
[ 73%] Building C object tests/lang_c/CMakeFiles/cl_dx9_media_sharing_intel_h_c_120.dir/__/test_cl_dx9_media_sharing.h.o
[ 74%] Linking C executable cl_dx9_media_sharing_intel_h_c_120
[ 74%] Built target cl_dx9_media_sharing_intel_h_c_120
Scanning dependencies of target headers_c_110
[ 75%] Building C object tests/lang_c/CMakeFiles/headers_c_110.dir/__/test_headers.o
[ 75%] Linking C executable headers_c_110
[ 75%] Built target headers_c_110
Scanning dependencies of target cl_dx9_media_sharing_intel_h_c_200
[ 75%] Building C object tests/lang_c/CMakeFiles/cl_dx9_media_sharing_intel_h_c_200.dir/__/test_cl_dx9_media_sharing.h.o
[ 76%] Linking C executable cl_dx9_media_sharing_intel_h_c_200
[ 76%] Built target cl_dx9_media_sharing_intel_h_c_200
Scanning dependencies of target cl_d3d10_h_c_220
[ 76%] Building C object tests/lang_c/CMakeFiles/cl_d3d10_h_c_220.dir/__/test_cl_d3d10.h.o
[ 77%] Linking C executable cl_d3d10_h_c_220
[ 77%] Built target cl_d3d10_h_c_220
Scanning dependencies of target cl_dx9_media_sharing_intel_h_c_210
[ 77%] Building C object tests/lang_c/CMakeFiles/cl_dx9_media_sharing_intel_h_c_210.dir/__/test_cl_dx9_media_sharing.h.o
[ 77%] Linking C executable cl_dx9_media_sharing_intel_h_c_210
[ 77%] Built target cl_dx9_media_sharing_intel_h_c_210
Scanning dependencies of target cl_ext_intel_h_c_210
[ 78%] Building C object tests/lang_c/CMakeFiles/cl_ext_intel_h_c_210.dir/__/test_cl_ext_intel.h.o
[ 78%] Linking C executable cl_ext_intel_h_c_210
[ 78%] Built target cl_ext_intel_h_c_210
Scanning dependencies of target cl_egl_h_c_100
[ 78%] Building C object tests/lang_c/CMakeFiles/cl_egl_h_c_100.dir/__/test_cl_egl.h.o
[ 79%] Linking C executable cl_egl_h_c_100
[ 79%] Built target cl_egl_h_c_100
Scanning dependencies of target cl_egl_h_c_200
[ 79%] Building C object tests/lang_c/CMakeFiles/cl_egl_h_c_200.dir/__/test_cl_egl.h.o
[ 79%] Linking C executable cl_egl_h_c_200
[ 79%] Built target cl_egl_h_c_200
Scanning dependencies of target cl_egl_h_c_110
[ 79%] Building C object tests/lang_c/CMakeFiles/cl_egl_h_c_110.dir/__/test_cl_egl.h.o
[ 80%] Linking C executable cl_egl_h_c_110
[ 80%] Built target cl_egl_h_c_110
Scanning dependencies of target cl_ext_h_c_200
[ 81%] Building C object tests/lang_c/CMakeFiles/cl_ext_h_c_200.dir/__/test_cl_ext.h.o
[ 81%] Linking C executable cl_ext_h_c_200
[ 81%] Built target cl_ext_h_c_200
Scanning dependencies of target cl_egl_h_c_210
[ 82%] Building C object tests/lang_c/CMakeFiles/cl_egl_h_c_210.dir/__/test_cl_egl.h.o
[ 82%] Linking C executable cl_egl_h_c_210
[ 82%] Built target cl_egl_h_c_210
Scanning dependencies of target cl_egl_h_c_220
[ 83%] Building C object tests/lang_c/CMakeFiles/cl_egl_h_c_220.dir/__/test_cl_egl.h.o
[ 83%] Linking C executable cl_egl_h_c_220
[ 83%] Built target cl_egl_h_c_220
Scanning dependencies of target cl_gl_ext_h_c_220
[ 83%] Building C object tests/lang_c/CMakeFiles/cl_gl_ext_h_c_220.dir/__/test_cl_gl_ext.h.o
[ 84%] Linking C executable cl_gl_ext_h_c_220
[ 84%] Built target cl_gl_ext_h_c_220
Scanning dependencies of target cl_d3d11_h_c_220
[ 84%] Building C object tests/lang_c/CMakeFiles/cl_d3d11_h_c_220.dir/__/test_cl_d3d11.h.o
[ 84%] Linking C executable cl_d3d11_h_c_220
[ 84%] Built target cl_d3d11_h_c_220
Scanning dependencies of target cl_ext_h_c_110
[ 84%] Building C object tests/lang_c/CMakeFiles/cl_ext_h_c_110.dir/__/test_cl_ext.h.o
[ 85%] Linking C executable cl_ext_h_c_110
[ 85%] Built target cl_ext_h_c_110
Scanning dependencies of target cl_ext_h_c_210
[ 86%] Building C object tests/lang_c/CMakeFiles/cl_ext_h_c_210.dir/__/test_cl_ext.h.o
[ 86%] Linking C executable cl_ext_h_c_210
[ 86%] Built target cl_ext_h_c_210
Scanning dependencies of target cl_h_c_110
[ 87%] Building C object tests/lang_c/CMakeFiles/cl_h_c_110.dir/__/test_cl.h.o
[ 87%] Linking C executable cl_h_c_110
[ 87%] Built target cl_h_c_110
Scanning dependencies of target cl_ext_h_c_220
[ 88%] Building C object tests/lang_c/CMakeFiles/cl_ext_h_c_220.dir/__/test_cl_ext.h.o
[ 88%] Linking C executable cl_ext_h_c_220
[ 88%] Built target cl_ext_h_c_220
Scanning dependencies of target headers_c_210
[ 88%] Building C object tests/lang_c/CMakeFiles/headers_c_210.dir/__/test_headers.o
[ 89%] Linking C executable headers_c_210
[ 89%] Built target headers_c_210
Scanning dependencies of target cl_dx9_media_sharing_intel_h_c_300
[ 90%] Building C object tests/lang_c/CMakeFiles/cl_dx9_media_sharing_intel_h_c_300.dir/__/test_cl_dx9_media_sharing.h.o
[ 90%] Linking C executable cl_dx9_media_sharing_intel_h_c_300
[ 90%] Built target cl_dx9_media_sharing_intel_h_c_300
Scanning dependencies of target cl_ext_intel_h_c_120
[ 91%] Building C object tests/lang_c/CMakeFiles/cl_ext_intel_h_c_120.dir/__/test_cl_ext_intel.h.o
[ 91%] Linking C executable cl_ext_intel_h_c_120
[ 91%] Built target cl_ext_intel_h_c_120
Scanning dependencies of target cl_ext_h_c_300
[ 91%] Building C object tests/lang_c/CMakeFiles/cl_ext_h_c_300.dir/__/test_cl_ext.h.o
[ 92%] Linking C executable cl_ext_h_c_300
[ 92%] Built target cl_ext_h_c_300
Scanning dependencies of target cl_layer_h_c_110
[ 92%] Building C object tests/lang_c/CMakeFiles/cl_layer_h_c_110.dir/__/test_cl_layer.h.o
[ 93%] Linking C executable cl_layer_h_c_110
[ 93%] Built target cl_layer_h_c_110
Scanning dependencies of target cl_d3d11_h_c_200
[ 93%] Building C object tests/lang_c/CMakeFiles/cl_d3d11_h_c_200.dir/__/test_cl_d3d11.h.o
[ 94%] Linking C executable cl_d3d11_h_c_200
[ 94%] Built target cl_d3d11_h_c_200
Scanning dependencies of target cl_ext_intel_h_c_100
[ 94%] Building C object tests/lang_c/CMakeFiles/cl_ext_intel_h_c_100.dir/__/test_cl_ext_intel.h.o
[ 95%] Linking C executable cl_ext_intel_h_c_100
[ 95%] Built target cl_ext_intel_h_c_100
Scanning dependencies of target cl_version_h_c_210
[ 96%] Building C object tests/lang_c/CMakeFiles/cl_version_h_c_210.dir/__/test_cl_version.h.o
[ 96%] Linking C executable cl_version_h_c_210
[ 96%] Built target cl_version_h_c_210
Scanning dependencies of target cl_half_h_c_210
[ 96%] Building C object tests/lang_c/CMakeFiles/cl_half_h_c_210.dir/__/test_cl_half.h.o
[ 97%] Linking C executable cl_half_h_c_210
[ 97%] Built target cl_half_h_c_210
Scanning dependencies of target cl_ext_intel_h_c_200
[ 98%] Building C object tests/lang_c/CMakeFiles/cl_ext_intel_h_c_200.dir/__/test_cl_ext_intel.h.o
[ 98%] Linking C executable cl_ext_intel_h_c_200
[ 98%] Built target cl_ext_intel_h_c_200
Scanning dependencies of target cl_ext_intel_h_c_300
[ 98%] Building C object tests/lang_c/CMakeFiles/cl_ext_intel_h_c_300.dir/__/test_cl_ext_intel.h.o
[ 99%] Linking C executable cl_ext_intel_h_c_300
[ 99%] Built target cl_ext_intel_h_c_300
Scanning dependencies of target cl_gl_h_c_120
[100%] Building C object tests/lang_c/CMakeFiles/cl_gl_h_c_120.dir/__/test_cl_gl.h.o
[100%] Linking C executable cl_gl_h_c_120
[100%] Built target cl_gl_h_c_120
Running tests...
Test project /tmp/autopkgtest.1qGVpR/autopkgtest_tmp/build
        Start   1: cl_h_c_100
  1/119 Test   #1: cl_h_c_100 ...........................   Passed    0.04 sec
        Start   2: cl_h_c_110
  2/119 Test   #2: cl_h_c_110 ...........................   Passed    0.03 sec
        Start   3: cl_h_c_120
  3/119 Test   #3: cl_h_c_120 ...........................   Passed    0.05 sec
        Start   4: cl_h_c_200
  4/119 Test   #4: cl_h_c_200 ...........................   Passed    0.04 sec
        Start   5: cl_h_c_210
  5/119 Test   #5: cl_h_c_210 ...........................   Passed    0.03 sec
        Start   6: cl_h_c_220
  6/119 Test   #6: cl_h_c_220 ...........................   Passed    0.04 sec
        Start   7: cl_h_c_300
  7/119 Test   #7: cl_h_c_300 ...........................   Passed    0.04 sec
        Start   8: cl_d3d10_h_c_100
  8/119 Test   #8: cl_d3d10_h_c_100 .....................   Passed    0.04 sec
        Start   9: cl_d3d10_h_c_110
  9/119 Test   #9: cl_d3d10_h_c_110 .....................   Passed    0.04 sec
        Start  10: cl_d3d10_h_c_120
 10/119 Test  #10: cl_d3d10_h_c_120 .....................   Passed    0.06 sec
        Start  11: cl_d3d10_h_c_200
 11/119 Test  #11: cl_d3d10_h_c_200 .....................   Passed    0.07 sec
        Start  12: cl_d3d10_h_c_210
 12/119 Test  #12: cl_d3d10_h_c_210 .....................   Passed    0.03 sec
        Start  13: cl_d3d10_h_c_220
 13/119 Test  #13: cl_d3d10_h_c_220 .....................   Passed    0.03 sec
        Start  14: cl_d3d10_h_c_300
 14/119 Test  #14: cl_d3d10_h_c_300 .....................   Passed    0.03 sec
        Start  15: cl_d3d11_h_c_100
 15/119 Test  #15: cl_d3d11_h_c_100 .....................   Passed    0.04 sec
        Start  16: cl_d3d11_h_c_110
 16/119 Test  #16: cl_d3d11_h_c_110 .....................   Passed    0.04 sec
        Start  17: cl_d3d11_h_c_120
 17/119 Test  #17: cl_d3d11_h_c_120 .....................   Passed    0.08 sec
        Start  18: cl_d3d11_h_c_200
 18/119 Test  #18: cl_d3d11_h_c_200 .....................   Passed    0.04 sec
        Start  19: cl_d3d11_h_c_210
 19/119 Test  #19: cl_d3d11_h_c_210 .....................   Passed    0.04 sec
        Start  20: cl_d3d11_h_c_220
 20/119 Test  #20: cl_d3d11_h_c_220 .....................   Passed    0.03 sec
        Start  21: cl_d3d11_h_c_300
 21/119 Test  #21: cl_d3d11_h_c_300 .....................   Passed    0.03 sec
        Start  22: cl_dx9_media_sharing_h_c_100
 22/119 Test  #22: cl_dx9_media_sharing_h_c_100 .........   Passed    0.03 sec
        Start  23: cl_dx9_media_sharing_h_c_110
 23/119 Test  #23: cl_dx9_media_sharing_h_c_110 .........   Passed    0.05 sec
        Start  24: cl_dx9_media_sharing_h_c_120
 24/119 Test  #24: cl_dx9_media_sharing_h_c_120 .........   Passed    0.06 sec
        Start  25: cl_dx9_media_sharing_h_c_200
 25/119 Test  #25: cl_dx9_media_sharing_h_c_200 .........   Passed    0.03 sec
        Start  26: cl_dx9_media_sharing_h_c_210
 26/119 Test  #26: cl_dx9_media_sharing_h_c_210 .........   Passed    0.03 sec
        Start  27: cl_dx9_media_sharing_h_c_220
 27/119 Test  #27: cl_dx9_media_sharing_h_c_220 .........   Passed    0.03 sec
        Start  28: cl_dx9_media_sharing_h_c_300
 28/119 Test  #28: cl_dx9_media_sharing_h_c_300 .........   Passed    0.04 sec
        Start  29: cl_dx9_media_sharing_intel_h_c_100
 29/119 Test  #29: cl_dx9_media_sharing_intel_h_c_100 ...   Passed    0.04 sec
        Start  30: cl_dx9_media_sharing_intel_h_c_110
 30/119 Test  #30: cl_dx9_media_sharing_intel_h_c_110 ...   Passed    0.04 sec
        Start  31: cl_dx9_media_sharing_intel_h_c_120
 31/119 Test  #31: cl_dx9_media_sharing_intel_h_c_120 ...   Passed    0.07 sec
        Start  32: cl_dx9_media_sharing_intel_h_c_200
 32/119 Test  #32: cl_dx9_media_sharing_intel_h_c_200 ...   Passed    0.05 sec
        Start  33: cl_dx9_media_sharing_intel_h_c_210
 33/119 Test  #33: cl_dx9_media_sharing_intel_h_c_210 ...   Passed    0.04 sec
        Start  34: cl_dx9_media_sharing_intel_h_c_220
 34/119 Test  #34: cl_dx9_media_sharing_intel_h_c_220 ...   Passed    0.05 sec
        Start  35: cl_dx9_media_sharing_intel_h_c_300
 35/119 Test  #35: cl_dx9_media_sharing_intel_h_c_300 ...   Passed    0.04 sec
        Start  36: cl_egl_h_c_100
 36/119 Test  #36: cl_egl_h_c_100 .......................   Passed    0.04 sec
        Start  37: cl_egl_h_c_110
 37/119 Test  #37: cl_egl_h_c_110 .......................   Passed    0.03 sec
        Start  38: cl_egl_h_c_120
 38/119 Test  #38: cl_egl_h_c_120 .......................   Passed    0.04 sec
        Start  39: cl_egl_h_c_200
 39/119 Test  #39: cl_egl_h_c_200 .......................   Passed    0.04 sec
        Start  40: cl_egl_h_c_210
 40/119 Test  #40: cl_egl_h_c_210 .......................   Passed    0.05 sec
        Start  41: cl_egl_h_c_220
 41/119 Test  #41: cl_egl_h_c_220 .......................   Passed    0.03 sec
        Start  42: cl_egl_h_c_300
 42/119 Test  #42: cl_egl_h_c_300 .......................   Passed    0.06 sec
        Start  43: cl_ext_h_c_100
 43/119 Test  #43: cl_ext_h_c_100 .......................   Passed    0.06 sec
        Start  44: cl_ext_h_c_110
 44/119 Test  #44: cl_ext_h_c_110 .......................   Passed    0.04 sec
        Start  45: cl_ext_h_c_120
 45/119 Test  #45: cl_ext_h_c_120 .......................   Passed    0.07 sec
        Start  46: cl_ext_h_c_200
 46/119 Test  #46: cl_ext_h_c_200 .......................   Passed    0.04 sec
        Start  47: cl_ext_h_c_210
 47/119 Test  #47: cl_ext_h_c_210 .......................   Passed    0.03 sec
        Start  48: cl_ext_h_c_220
 48/119 Test  #48: cl_ext_h_c_220 .......................   Passed    0.04 sec
        Start  49: cl_ext_h_c_300
 49/119 Test  #49: cl_ext_h_c_300 .......................   Passed    0.04 sec
        Start  50: cl_ext_intel_h_c_100
 50/119 Test  #50: cl_ext_intel_h_c_100 .................   Passed    0.07 sec
        Start  51: cl_ext_intel_h_c_110
 51/119 Test  #51: cl_ext_intel_h_c_110 .................   Passed    0.04 sec
        Start  52: cl_ext_intel_h_c_120
 52/119 Test  #52: cl_ext_intel_h_c_120 .................   Passed    0.04 sec
        Start  53: cl_ext_intel_h_c_200
 53/119 Test  #53: cl_ext_intel_h_c_200 .................   Passed    0.04 sec
        Start  54: cl_ext_intel_h_c_210
 54/119 Test  #54: cl_ext_intel_h_c_210 .................   Passed    0.05 sec
        Start  55: cl_ext_intel_h_c_220
 55/119 Test  #55: cl_ext_intel_h_c_220 .................   Passed    0.06 sec
        Start  56: cl_ext_intel_h_c_300
 56/119 Test  #56: cl_ext_intel_h_c_300 .................   Passed    0.04 sec
        Start  57: cl_gl_h_c_100
 57/119 Test  #57: cl_gl_h_c_100 ........................   Passed    0.04 sec
        Start  58: cl_gl_h_c_110
 58/119 Test  #58: cl_gl_h_c_110 ........................   Passed    0.04 sec
        Start  59: cl_gl_h_c_120
 59/119 Test  #59: cl_gl_h_c_120 ........................   Passed    0.04 sec
        Start  60: cl_gl_h_c_200
 60/119 Test  #60: cl_gl_h_c_200 ........................   Passed    0.05 sec
        Start  61: cl_gl_h_c_210
 61/119 Test  #61: cl_gl_h_c_210 ........................   Passed    0.04 sec
        Start  62: cl_gl_h_c_220
 62/119 Test  #62: cl_gl_h_c_220 ........................   Passed    0.03 sec
        Start  63: cl_gl_h_c_300
 63/119 Test  #63: cl_gl_h_c_300 ........................   Passed    0.04 sec
        Start  64: cl_gl_ext_h_c_100
 64/119 Test  #64: cl_gl_ext_h_c_100 ....................   Passed    0.04 sec
        Start  65: cl_gl_ext_h_c_110
 65/119 Test  #65: cl_gl_ext_h_c_110 ....................   Passed    0.04 sec
        Start  66: cl_gl_ext_h_c_120
 66/119 Test  #66: cl_gl_ext_h_c_120 ....................   Passed    0.04 sec
        Start  67: cl_gl_ext_h_c_200
 67/119 Test  #67: cl_gl_ext_h_c_200 ....................   Passed    0.04 sec
        Start  68: cl_gl_ext_h_c_210
 68/119 Test  #68: cl_gl_ext_h_c_210 ....................   Passed    0.04 sec
        Start  69: cl_gl_ext_h_c_220
 69/119 Test  #69: cl_gl_ext_h_c_220 ....................   Passed    0.04 sec
        Start  70: cl_gl_ext_h_c_300
 70/119 Test  #70: cl_gl_ext_h_c_300 ....................   Passed    0.04 sec
        Start  71: cl_half_h_c_100
 71/119 Test  #71: cl_half_h_c_100 ......................   Passed    0.07 sec
        Start  72: cl_half_h_c_110
 72/119 Test  #72: cl_half_h_c_110 ......................   Passed    0.03 sec
        Start  73: cl_half_h_c_120
 73/119 Test  #73: cl_half_h_c_120 ......................   Passed    0.05 sec
        Start  74: cl_half_h_c_200
 74/119 Test  #74: cl_half_h_c_200 ......................   Passed    0.04 sec
        Start  75: cl_half_h_c_210
 75/119 Test  #75: cl_half_h_c_210 ......................   Passed    0.04 sec
        Start  76: cl_half_h_c_220
 76/119 Test  #76: cl_half_h_c_220 ......................   Passed    0.04 sec
        Start  77: cl_half_h_c_300
 77/119 Test  #77: cl_half_h_c_300 ......................   Passed    0.07 sec
        Start  78: cl_icd_h_c_100
 78/119 Test  #78: cl_icd_h_c_100 .......................   Passed    0.04 sec
        Start  79: cl_icd_h_c_110
 79/119 Test  #79: cl_icd_h_c_110 .......................   Passed    0.05 sec
        Start  80: cl_icd_h_c_120
 80/119 Test  #80: cl_icd_h_c_120 .......................   Passed    0.05 sec
        Start  81: cl_icd_h_c_200
 81/119 Test  #81: cl_icd_h_c_200 .......................   Passed    0.05 sec
        Start  82: cl_icd_h_c_210
 82/119 Test  #82: cl_icd_h_c_210 .......................   Passed    0.06 sec
        Start  83: cl_icd_h_c_220
 83/119 Test  #83: cl_icd_h_c_220 .......................   Passed    0.03 sec
        Start  84: cl_icd_h_c_300
 84/119 Test  #84: cl_icd_h_c_300 .......................   Passed    0.07 sec
        Start  85: cl_layer_h_c_100
 85/119 Test  #85: cl_layer_h_c_100 .....................   Passed    0.03 sec
        Start  86: cl_layer_h_c_110
 86/119 Test  #86: cl_layer_h_c_110 .....................   Passed    0.04 sec
        Start  87: cl_layer_h_c_120
 87/119 Test  #87: cl_layer_h_c_120 .....................   Passed    0.04 sec
        Start  88: cl_layer_h_c_200
 88/119 Test  #88: cl_layer_h_c_200 .....................   Passed    0.04 sec
        Start  89: cl_layer_h_c_210
 89/119 Test  #89: cl_layer_h_c_210 .....................   Passed    0.04 sec
        Start  90: cl_layer_h_c_220
 90/119 Test  #90: cl_layer_h_c_220 .....................   Passed    0.04 sec
        Start  91: cl_layer_h_c_300
 91/119 Test  #91: cl_layer_h_c_300 .....................   Passed    0.03 sec
        Start  92: cl_platform_h_c_100
 92/119 Test  #92: cl_platform_h_c_100 ..................   Passed    0.03 sec
        Start  93: cl_platform_h_c_110
 93/119 Test  #93: cl_platform_h_c_110 ..................   Passed    0.03 sec
        Start  94: cl_platform_h_c_120
 94/119 Test  #94: cl_platform_h_c_120 ..................   Passed    0.05 sec
        Start  95: cl_platform_h_c_200
 95/119 Test  #95: cl_platform_h_c_200 ..................   Passed    0.04 sec
        Start  96: cl_platform_h_c_210
 96/119 Test  #96: cl_platform_h_c_210 ..................   Passed    0.04 sec
        Start  97: cl_platform_h_c_220
 97/119 Test  #97: cl_platform_h_c_220 ..................   Passed    0.07 sec
        Start  98: cl_platform_h_c_300
 98/119 Test  #98: cl_platform_h_c_300 ..................   Passed    0.05 sec
        Start  99: cl_opencl_h_c_100
 99/119 Test  #99: cl_opencl_h_c_100 ....................   Passed    0.04 sec
        Start 100: cl_opencl_h_c_110
100/119 Test #100: cl_opencl_h_c_110 ....................   Passed    0.04 sec
        Start 101: cl_opencl_h_c_120
101/119 Test #101: cl_opencl_h_c_120 ....................   Passed    0.06 sec
        Start 102: cl_opencl_h_c_200
102/119 Test #102: cl_opencl_h_c_200 ....................   Passed    0.03 sec
        Start 103: cl_opencl_h_c_210
103/119 Test #103: cl_opencl_h_c_210 ....................   Passed    0.05 sec
        Start 104: cl_opencl_h_c_220
104/119 Test #104: cl_opencl_h_c_220 ....................   Passed    0.03 sec
        Start 105: cl_opencl_h_c_300
105/119 Test #105: cl_opencl_h_c_300 ....................   Passed    0.06 sec
        Start 106: cl_version_h_c_100
106/119 Test #106: cl_version_h_c_100 ...................   Passed    0.06 sec
        Start 107: cl_version_h_c_110
107/119 Test #107: cl_version_h_c_110 ...................   Passed    0.04 sec
        Start 108: cl_version_h_c_120
108/119 Test #108: cl_version_h_c_120 ...................   Passed    0.06 sec
        Start 109: cl_version_h_c_200
109/119 Test #109: cl_version_h_c_200 ...................   Passed    0.08 sec
        Start 110: cl_version_h_c_210
110/119 Test #110: cl_version_h_c_210 ...................   Passed    0.04 sec
        Start 111: cl_version_h_c_220
111/119 Test #111: cl_version_h_c_220 ...................   Passed    0.06 sec
        Start 112: cl_version_h_c_300
112/119 Test #112: cl_version_h_c_300 ...................   Passed    0.05 sec
        Start 113: headers_c_100
113/119 Test #113: headers_c_100 ........................   Passed    0.06 sec
        Start 114: headers_c_110
114/119 Test #114: headers_c_110 ........................   Passed    0.10 sec
        Start 115: headers_c_120
115/119 Test #115: headers_c_120 ........................   Passed    0.08 sec
        Start 116: headers_c_200
116/119 Test #116: headers_c_200 ........................   Passed    0.06 sec
        Start 117: headers_c_210
117/119 Test #117: headers_c_210 ........................   Passed    0.04 sec
        Start 118: headers_c_220
118/119 Test #118: headers_c_220 ........................   Passed    0.04 sec
        Start 119: headers_c_300
119/119 Test #119: headers_c_300 ........................   Passed    0.04 sec

100% tests passed, 0 tests failed out of 119

Total Test time (real) =   6.75 sec
